<?xml version="1.0" encoding="UTF-8"?>
<coverage generated="1705026859724" clover="3.2.0">
  <project timestamp="1705026859726" name="All files">
    <metrics statements="21" coveredstatements="14" conditionals="10" coveredconditionals="7" methods="4" coveredmethods="4" elements="35" coveredelements="25" complexity="0" loc="21" ncloc="21" packages="1" files="1" classes="1"/>
    <file name="GetOrderQueue.ts" path="C:\Users\gabri\Desktop\fiap\tech-challenge\Phase4-TC\TC04-Queue-App\src\domain\aggregates\orderQueue\usecases\getOrderQueue\GetOrderQueue.ts">
      <metrics statements="21" coveredstatements="14" conditionals="10" coveredconditionals="7" methods="4" coveredmethods="4"/>
      <line num="8" count="1" type="stmt"/>
      <line num="9" count="1" type="stmt"/>
      <line num="17" count="2" type="cond" truecount="1" falsecount="0"/>
      <line num="18" count="0" type="stmt"/>
      <line num="20" count="1" type="cond" truecount="2" falsecount="0"/>
      <line num="23" count="1" type="cond" truecount="1" falsecount="1"/>
      <line num="24" count="0" type="stmt"/>
      <line num="26" count="0" type="cond" truecount="0" falsecount="1"/>
      <line num="27" count="0" type="stmt"/>
      <line num="33" count="0" type="stmt"/>
      <line num="38" count="1" type="stmt"/>
      <line num="41" count="0" type="stmt"/>
      <line num="47" count="0" type="stmt"/>
      <line num="50" count="1" type="stmt"/>
      <line num="53" count="1" type="stmt"/>
      <line num="54" count="1" type="stmt"/>
      <line num="59" count="1" type="stmt"/>
      <line num="60" count="1" type="stmt"/>
      <line num="67" count="1" type="cond" truecount="3" falsecount="1"/>
      <line num="70" count="1" type="stmt"/>
      <line num="72" count="1" type="stmt"/>
    </file>
  </project>
</coverage>
