{"C:\\Users\\gabri\\Desktop\\fiap\\tech-challenge\\Phase4-TC\\TC04-Queue-App\\src\\domain\\aggregates\\orderQueue\\usecases\\getOrderQueue\\GetOrderQueue.ts": {"path":"C:\\Users\\gabri\\Desktop\\fiap\\tech-challenge\\Phase4-TC\\TC04-Queue-App\\src\\domain\\aggregates\\orderQueue\\usecases\\getOrderQueue\\GetOrderQueue.ts","statementMap":{"0":{"start":{"line":8,"column":0},"end":{"line":8,"column":13}},"1":{"start":{"line":9,"column":15},"end":{"line":51,"column":null}},"2":{"start":{"line":17,"column":10},"end":{"line":17,"column":16}},"3":{"start":{"line":18,"column":17},"end":{"line":18,"column":64}},"4":{"start":{"line":18,"column":8},"end":{"line":18,"column":64}},"5":{"start":{"line":20,"column":17},"end":{"line":20,"column":47}},"6":{"start":{"line":20,"column":8},"end":{"line":20,"column":47}},"7":{"start":{"line":23,"column":6},"end":{"line":39,"column":7}},"8":{"start":{"line":24,"column":8},"end":{"line":24,"column":52}},"9":{"start":{"line":26,"column":8},"end":{"line":36,"column":9}},"10":{"start":{"line":27,"column":10},"end":{"line":32,"column":12}},"11":{"start":{"line":33,"column":10},"end":{"line":35,"column":12}},"12":{"start":{"line":38,"column":8},"end":{"line":38,"column":48}},"13":{"start":{"line":41,"column":6},"end":{"line":45,"column":8}},"14":{"start":{"line":47,"column":6},"end":{"line":47,"column":52}},"15":{"start":{"line":50,"column":4},"end":{"line":50,"column":18}},"16":{"start":{"line":53,"column":9},"end":{"line":71,"column":null}},"17":{"start":{"line":54,"column":41},"end":{"line":57,"column":6}},"18":{"start":{"line":59,"column":4},"end":{"line":68,"column":7}},"19":{"start":{"line":60,"column":39},"end":{"line":66,"column":8}},"20":{"start":{"line":67,"column":6},"end":{"line":67,"column":38}},"21":{"start":{"line":70,"column":4},"end":{"line":70,"column":18}},"22":{"start":{"line":72,"column":0},"end":{"line":72,"column":null}},"23":{"start":{"line":8,"column":13},"end":{"line":8,"column":33}}},"fnMap":{"0":{"name":"(anonymous_13)","decl":{"start":{"line":8,"column":0},"end":{"line":8,"column":13}},"loc":{"start":{"line":8,"column":0},"end":{"line":72,"column":null}}},"1":{"name":"(anonymous_15)","decl":{"start":{"line":9,"column":2},"end":{"line":9,"column":15}},"loc":{"start":{"line":11,"column":31},"end":{"line":51,"column":null}}},"2":{"name":"(anonymous_18)","decl":{"start":{"line":53,"column":2},"end":{"line":53,"column":9}},"loc":{"start":{"line":53,"column":38},"end":{"line":71,"column":3}}},"3":{"name":"(anonymous_19)","decl":{"start":{"line":59,"column":19},"end":{"line":59,"column":20}},"loc":{"start":{"line":59,"column":32},"end":{"line":68,"column":5}}}},"branchMap":{"0":{"loc":{"start":{"line":20,"column":17},"end":{"line":20,"column":47}},"type":"switch","locations":[{"start":{"line":20,"column":17},"end":{"line":20,"column":47}},{"start":{"line":50,"column":4},"end":{"line":50,"column":18}}]},"1":{"loc":{"start":{"line":17,"column":10},"end":{"line":17,"column":16}},"type":"if","locations":[{"start":{"line":17,"column":10},"end":{"line":17,"column":16}}]},"2":{"loc":{"start":{"line":23,"column":6},"end":{"line":39,"column":7}},"type":"if","locations":[{"start":{"line":23,"column":6},"end":{"line":39,"column":7}},{"start":{"line":37,"column":13},"end":{"line":39,"column":7}}]},"3":{"loc":{"start":{"line":26,"column":8},"end":{"line":36,"column":9}},"type":"if","locations":[{"start":{"line":26,"column":8},"end":{"line":36,"column":9}}]},"4":{"loc":{"start":{"line":67,"column":6},"end":{"line":67,"column":37}},"type":"cond-expr","locations":[{"start":{"line":67,"column":19},"end":{"line":67,"column":21}},{"start":{"line":67,"column":19},"end":{"line":67,"column":37}}]},"5":{"loc":{"start":{"line":67,"column":6},"end":{"line":67,"column":21}},"type":"binary-expr","locations":[{"start":{"line":67,"column":6},"end":{"line":67,"column":21}},{"start":{"line":67,"column":19},"end":{"line":67,"column":21}}]}},"s":{"0":1,"1":1,"2":2,"3":0,"4":0,"5":1,"6":1,"7":1,"8":0,"9":0,"10":0,"11":0,"12":1,"13":0,"14":0,"15":1,"16":1,"17":1,"18":1,"19":1,"20":1,"21":1,"22":1,"23":1},"f":{"0":1,"1":1,"2":1,"3":1},"b":{"0":[1,1],"1":[1],"2":[0,1],"3":[0],"4":[0,1],"5":[1,1]}}
}
