TN:
SF:src\domain\aggregates\orderQueue\usecases\getOrderQueue\GetOrderQueue.ts
FN:8,(anonymous_13)
FN:9,(anonymous_15)
FN:53,(anonymous_18)
FN:59,(anonymous_19)
FNF:4
FNH:4
FNDA:1,(anonymous_13)
FNDA:1,(anonymous_15)
FNDA:1,(anonymous_18)
FNDA:1,(anonymous_19)
DA:8,1
DA:9,1
DA:17,2
DA:18,0
DA:20,1
DA:23,1
DA:24,0
DA:26,0
DA:27,0
DA:33,0
DA:38,1
DA:41,0
DA:47,0
DA:50,1
DA:53,1
DA:54,1
DA:59,1
DA:60,1
DA:67,1
DA:70,1
DA:72,1
LF:21
LH:14
BRDA:20,0,0,1
BRDA:20,0,1,1
BRDA:17,1,0,1
BRDA:23,2,0,0
BRDA:23,2,1,1
BRDA:26,3,0,0
BRDA:67,4,0,0
BRDA:67,4,1,1
BRDA:67,5,0,1
BRDA:67,5,1,1
BRF:10
BRH:7
end_of_record
